<?xml version="1.0" encoding="UTF-8"?>
<!-- Generated by org.testng.reporters.JUnitReportReporter -->
<testsuite hostname="LAPTOP-M6F29H3O" name="Academy.validateNavigationBar" tests="1" failures="0" timestamp="28 Jun 2020 04:30:59 GMT" time="0.530" errors="0">
  <testcase name="validateAppNavBar" time="0.530" classname="Academy.validateNavigationBar"/>
</testsuite> <!-- Academy.validateNavigationBar -->
