<?xml version="1.0" encoding="UTF-8"?>
<!-- Generated by org.testng.reporters.JUnitReportReporter -->
<testsuite skipped="0" hostname="DESKTOP-CP4RQU0" name="Academy.validateNavigationBar" tests="1" failures="0" timestamp="08 Oct 2020 10:16:39 GMT" time="0.649" errors="0">
  <testcase name="validateAppNavBar" time="0.649" classname="Academy.validateNavigationBar"/>
</testsuite> <!-- Academy.validateNavigationBar -->
