<?xml version="1.0" encoding="UTF-8"?>
<!-- Generated by org.testng.reporters.JUnitReportReporter -->
<testsuite skipped="0" hostname="DESKTOP-CP4RQU0" name="Academy.HomePage" tests="2" failures="0" timestamp="08 Oct 2020 10:16:39 GMT" time="16.104" errors="0">
  <testcase name="basePageNavigation" time="4.027" classname="Academy.HomePage"/>
  <testcase name="basePageNavigation" time="12.077" classname="Academy.HomePage"/>
</testsuite> <!-- Academy.HomePage -->
